Vivado Simulator 2018.3
Copyright 1986-1999, 2001-2018 Xilinx, Inc. All Rights Reserved.
Running: E:/APP/ZYNQ_soft/Vivado/Vivado/2018.3/bin/unwrapped/win64.o/xelab.exe -wto 88eab2b5b15d4acda71980536943dcfb --incr --debug typical --relax --mt 2 -L xil_defaultlib -L blk_mem_gen_v8_4_2 -L unisims_ver -L unimacro_ver -L secureip -L xpm --snapshot A3_tb_behav xil_defaultlib.A3_tb xil_defaultlib.glbl -log elaborate.log 
Using 2 slave threads.
Starting static elaboration
WARNING: [VRFC 10-3091] actual bit length 1 differs from formal bit length 14 for port 'probe22' [C:/Users/WWW/Desktop/Xilinx_FPGA/Project/A3/A3.srcs/sources_1/new/A3.v:288]
WARNING: [VRFC 10-3091] actual bit length 14 differs from formal bit length 1 for port 'probe23' [C:/Users/WWW/Desktop/Xilinx_FPGA/Project/A3/A3.srcs/sources_1/new/A3.v:289]
Completed static elaboration
Starting simulation data flow analysis
Completed simulation data flow analysis
Time Resolution for simulation is 1ps
Compiling module xil_defaultlib.SPI2(BIT_NUM=16,BIT_CNT_WIDTH=5,...
Compiling module xil_defaultlib.rx_ctrl
Compiling module blk_mem_gen_v8_4_2.blk_mem_gen_v8_4_2_output_stage(...
Compiling module blk_mem_gen_v8_4_2.blk_mem_gen_v8_4_2_softecc_outpu...
Compiling module blk_mem_gen_v8_4_2.blk_mem_gen_v8_4_2_mem_module(C_...
Compiling module blk_mem_gen_v8_4_2.blk_mem_gen_v8_4_2(C_FAMILY="zyn...
Compiling module xil_defaultlib.rom_28x2500
Compiling module xil_defaultlib.DDS(FWORD_WIDTH=28,DAC_WIDTH=14)
Compiling module xil_defaultlib.rom_sin
Compiling module blk_mem_gen_v8_4_2.blk_mem_gen_v8_4_2_output_stage(...
Compiling module blk_mem_gen_v8_4_2.blk_mem_gen_v8_4_2_softecc_outpu...
Compiling module blk_mem_gen_v8_4_2.blk_mem_gen_v8_4_2_mem_module(C_...
Compiling module blk_mem_gen_v8_4_2.blk_mem_gen_v8_4_2(C_FAMILY="zyn...
Compiling module xil_defaultlib.ram_16x256
Compiling module xil_defaultlib.freq_rom(ROM_DEPTH=246)
Compiling module xil_defaultlib.DDS(DAC_WIDTH=14)
Compiling module unisims_ver.IBUF
Compiling module unisims_ver.PLLE2_ADV(CLKFBOUT_MULT=20,CLKIN...
Compiling module unisims_ver.BUFG
Compiling module xil_defaultlib.clk_wiz_0_clk_wiz
Compiling module xil_defaultlib.clk_wiz_0
Compiling module xil_defaultlib.ila_0
Compiling module xil_defaultlib.A3
Compiling module xil_defaultlib.A3_tb
Compiling module xil_defaultlib.glbl
Built simulation snapshot A3_tb_behav
