Vivado Simulator 2018.3
Time resolution is 1 ps
 Block Memory Generator module loading initial data...
 Block Memory Generator data initialization complete.
Block Memory Generator module A3_tb.u_a3.mode1_freq_rom_inst.inst.native_mem_module.blk_mem_gen_v8_4_2_inst is using a behavioral model for simulation which will not precisely model memory collision behavior.
Block Memory Generator module A3_tb.u_a3.mode2_wave_ram_inst.inst.native_mem_module.blk_mem_gen_v8_4_2_inst is using a behavioral model for simulation which will not precisely model memory collision behavior.
========================================
ПЊЪМA2ФЃПщШ§ФЃЪНВтЪдСїГЬ
========================================

=== ФЃЪН1ВтЪдЃКDDS1ИпЦЕе§ЯвВЈЩњГЩ ===
МЄЛюФЃЪН1 - Р­ЕЭdds1_reqаХКХ
ФЃЪН1 - ЗЂЫЭЦЕТЪЕижЗ: 0
    SPIЗЂЫЭ16ЮЛЪ§Он: 0x0000
    SPIДЋЪфЭъГЩ
ФЃЪН1 - ЗЂЫЭЦЕТЪЕижЗ: 20
    SPIЗЂЫЭ16ЮЛЪ§Он: 0x0014
    SPIДЋЪфЭъГЩ
ФЃЪН1 - ЗЂЫЭЦЕТЪЕижЗ: 2496
    SPIЗЂЫЭ16ЮЛЪ§Он: 0x09bf
    SPIДЋЪфЭъГЩ
ЭЫГіФЃЪН1 - Р­Ипdds1_reqаХКХ

=== ФЃЪН2ВтЪдЃКRAMВЈаЮЪ§ОнДцДЂ ===
МЄЛюФЃЪН2 - Р­ЕЭram_reqаХКХ
ФЃЪН2 - аДШы256Иі14ЮЛЕнМѕЪ§Он
ПЊЪМСЌајЗЂЫЭ256Иі16ЮЛВЈаЮЪ§Он - ФЃЪН: џџМѕ(256-1)
blk_mem_gen_v8_4_2 collision detected at time: 3022950000, Instance: A3_tb.u_a3.mode2_wave_ram_inst.inst.native_mem_module.blk_mem_gen_v8_4_2_inst, A write address: 0, B  read address: 0
ЭЫГіФЃЪН2 - Р­Ипram_reqаХКХ

=== ФЃЪН3ВтЪдЃКDDS2ЦЕТЪПижЦ ===
МЄЛюФЃЪН3 - Р­ЕЭdds2_freq_reqаХКХ
ФЃЪН3 - ЗЂЫЭЦЕТЪЕижЗ: 0
    SPIЗЂЫЭ16ЮЛЪ§Он: 0x0000
    SPIДЋЪфЭъГЩ
ФЃЪН3 - ЗЂЫЭЦЕТЪЕижЗ: 10
    SPIЗЂЫЭ16ЮЛЪ§Он: 0x000a
    SPIДЋЪфЭъГЩ
ФЃЪН3 - ЗЂЫЭЦЕТЪЕижЗ: 245
    SPIЗЂЫЭ16ЮЛЪ§Он: 0x00f5
    SPIДЋЪфЭъГЩ
ЭЫГіФЃЪН3 - Р­Ипdds2_freq_reqаХКХ

========================================
ЫљгаФЃЪНВтЪдЭъГЩ
========================================
$finish called at time : 7465020100 ps : File "C:/Users/WWW/Desktop/Xilinx_FPGA/Project/A3/A3.srcs/sim_1/new/A3_tb.v" Line 181
