#-----------------------------------------------------------
# Vivado v2018.3 (64-bit)
# SW Build 2405991 on Thu Dec  6 23:38:27 MST 2018
# IP Build 2404404 on Fri Dec  7 01:43:56 MST 2018
# Start of session at: Sat Mar 21 11:03:41 2026
# Process ID: 3708
# Current directory: E:/WWW/든힙/2025든힙/Xilinx_FPGA/Project/A3
# Command line: vivado.exe -gui_launcher_event rodinguilauncherevent3956 E:\WWW\든힙\2025든힙\Xilinx_FPGA\Project\A3\A3.xpr
# Log file: E:/WWW/든힙/2025든힙/Xilinx_FPGA/Project/A3/vivado.log
# Journal file: E:/WWW/든힙/2025든힙/Xilinx_FPGA/Project/A3\vivado.jou
#-----------------------------------------------------------
start_gui
open_project E:/WWW/든힙/2025든힙/Xilinx_FPGA/Project/A3/A3.xpr
INFO: [Project 1-313] Project file moved from 'C:/Users/WWW/Desktop/Xilinx_FPGA/Project/A3' since last save.
Scanning sources...
Finished scanning sources
INFO: [IP_Flow 19-234] Refreshing IP repositories
INFO: [IP_Flow 19-1704] No user IP repositories specified
INFO: [IP_Flow 19-2313] Loaded Vivado IP repository 'E:/APP/ZYNQ_soft/Vivado/Vivado/2018.3/data/ip'.
open_project: Time (s): cpu = 00:00:15 ; elapsed = 00:00:05 . Memory (MB): peak = 989.148 ; gain = 284.902
update_compile_order -fileset sources_1
synth_design -rtl -name rtl_1
Command: synth_design -rtl -name rtl_1
Starting synth_design
Using part: xc7z020clg400-2
Top: A3
---------------------------------------------------------------------------------
Starting RTL Elaboration : Time (s): cpu = 00:00:05 ; elapsed = 00:00:06 . Memory (MB): peak = 1138.766 ; gain = 75.785
---------------------------------------------------------------------------------
INFO: [Synth 8-6157] synthesizing module 'A3' [E:/WWW/든힙/2025든힙/Xilinx_FPGA/Project/A3/A3.srcs/sources_1/new/A3.v:23]
	Parameter FWORD_WIDTH_28 bound to: 28 - type: integer 
	Parameter FWORD_WIDTH_32 bound to: 32 - type: integer 
	Parameter ADDR_WIDTH_8 bound to: 8 - type: integer 
	Parameter DATA_WIDTH bound to: 32 - type: integer 
INFO: [Synth 8-6157] synthesizing module 'SPI2' [E:/WWW/든힙/2025든힙/Xilinx_FPGA/Project/A3/A3.srcs/sources_1/new/SPI2.v:23]
	Parameter BIT_NUM bound to: 16 - type: integer 
	Parameter BIT_CNT_WIDTH bound to: 5 - type: integer 
	Parameter BYTE_NUM bound to: 256 - type: integer 
	Parameter BYTE_NUM_WIDTH bound to: 8 - type: integer 
	Parameter IDLE bound to: 4'b0001 
	Parameter PREPARE bound to: 4'b0010 
	Parameter TRANSMIT bound to: 4'b0100 
	Parameter FINISH bound to: 4'b1000 
INFO: [Synth 8-155] case statement is not full and has no default [E:/WWW/든힙/2025든힙/Xilinx_FPGA/Project/A3/A3.srcs/sources_1/new/SPI2.v:127]
INFO: [Synth 8-155] case statement is not full and has no default [E:/WWW/든힙/2025든힙/Xilinx_FPGA/Project/A3/A3.srcs/sources_1/new/SPI2.v:160]
INFO: [Synth 8-6155] done synthesizing module 'SPI2' (1#1) [E:/WWW/든힙/2025든힙/Xilinx_FPGA/Project/A3/A3.srcs/sources_1/new/SPI2.v:23]
INFO: [Synth 8-6157] synthesizing module 'rx_ctrl' [E:/WWW/든힙/2025든힙/Xilinx_FPGA/Project/A3/A3.srcs/sources_1/new/rx_ctrl.v:27]
INFO: [Synth 8-6155] done synthesizing module 'rx_ctrl' (2#1) [E:/WWW/든힙/2025든힙/Xilinx_FPGA/Project/A3/A3.srcs/sources_1/new/rx_ctrl.v:27]
INFO: [Synth 8-638] synthesizing module 'rom_28x2500' [e:/WWW/든힙/2025든힙/Xilinx_FPGA/Project/A3/A3.srcs/sources_1/ip/rom_28x2500/synth/rom_28x2500.vhd:67]
	Parameter C_FAMILY bound to: zynq - type: string 
	Parameter C_XDEVICEFAMILY bound to: zynq - type: string 
	Parameter C_ELABORATION_DIR bound to: ./ - type: string 
	Parameter C_INTERFACE_TYPE bound to: 0 - type: integer 
	Parameter C_AXI_TYPE bound to: 1 - type: integer 
	Parameter C_AXI_SLAVE_TYPE bound to: 0 - type: integer 
	Parameter C_USE_BRAM_BLOCK bound to: 0 - type: integer 
	Parameter C_ENABLE_32BIT_ADDRESS bound to: 0 - type: integer 
	Parameter C_CTRL_ECC_ALGO bound to: NONE - type: string 
	Parameter C_HAS_AXI_ID bound to: 0 - type: integer 
	Parameter C_AXI_ID_WIDTH bound to: 4 - type: integer 
	Parameter C_MEM_TYPE bound to: 3 - type: integer 
	Parameter C_BYTE_SIZE bound to: 9 - type: integer 
	Parameter C_ALGORITHM bound to: 1 - type: integer 
	Parameter C_PRIM_TYPE bound to: 1 - type: integer 
	Parameter C_LOAD_INIT_FILE bound to: 1 - type: integer 
	Parameter C_INIT_FILE_NAME bound to: rom_28x2500.mif - type: string 
	Parameter C_INIT_FILE bound to: rom_28x2500.mem - type: string 
	Parameter C_USE_DEFAULT_DATA bound to: 0 - type: integer 
	Parameter C_DEFAULT_DATA bound to: 0 - type: string 
	Parameter C_HAS_RSTA bound to: 0 - type: integer 
	Parameter C_RST_PRIORITY_A bound to: CE - type: string 
	Parameter C_RSTRAM_A bound to: 0 - type: integer 
	Parameter C_INITA_VAL bound to: 0 - type: string 
	Parameter C_HAS_ENA bound to: 0 - type: integer 
	Parameter C_HAS_REGCEA bound to: 0 - type: integer 
	Parameter C_USE_BYTE_WEA bound to: 0 - type: integer 
	Parameter C_WEA_WIDTH bound to: 1 - type: integer 
	Parameter C_WRITE_MODE_A bound to: WRITE_FIRST - type: string 
	Parameter C_WRITE_WIDTH_A bound to: 28 - type: integer 
	Parameter C_READ_WIDTH_A bound to: 28 - type: integer 
	Parameter C_WRITE_DEPTH_A bound to: 2500 - type: integer 
	Parameter C_READ_DEPTH_A bound to: 2500 - type: integer 
	Parameter C_ADDRA_WIDTH bound to: 12 - type: integer 
	Parameter C_HAS_RSTB bound to: 0 - type: integer 
	Parameter C_RST_PRIORITY_B bound to: CE - type: string 
	Parameter C_RSTRAM_B bound to: 0 - type: integer 
	Parameter C_INITB_VAL bound to: 0 - type: string 
	Parameter C_HAS_ENB bound to: 0 - type: integer 
	Parameter C_HAS_REGCEB bound to: 0 - type: integer 
	Parameter C_USE_BYTE_WEB bound to: 0 - type: integer 
	Parameter C_WEB_WIDTH bound to: 1 - type: integer 
	Parameter C_WRITE_MODE_B bound to: WRITE_FIRST - type: string 
	Parameter C_WRITE_WIDTH_B bound to: 28 - type: integer 
	Parameter C_READ_WIDTH_B bound to: 28 - type: integer 
	Parameter C_WRITE_DEPTH_B bound to: 2500 - type: integer 
	Parameter C_READ_DEPTH_B bound to: 2500 - type: integer 
	Parameter C_ADDRB_WIDTH bound to: 12 - type: integer 
	Parameter C_HAS_MEM_OUTPUT_REGS_A bound to: 0 - type: integer 
	Parameter C_HAS_MEM_OUTPUT_REGS_B bound to: 0 - type: integer 
	Parameter C_HAS_MUX_OUTPUT_REGS_A bound to: 0 - type: integer 
	Parameter C_HAS_MUX_OUTPUT_REGS_B bound to: 0 - type: integer 
	Parameter C_MUX_PIPELINE_STAGES bound to: 0 - type: integer 
	Parameter C_HAS_SOFTECC_INPUT_REGS_A bound to: 0 - type: integer 
	Parameter C_HAS_SOFTECC_OUTPUT_REGS_B bound to: 0 - type: integer 
	Parameter C_USE_SOFTECC bound to: 0 - type: integer 
	Parameter C_USE_ECC bound to: 0 - type: integer 
	Parameter C_EN_ECC_PIPE bound to: 0 - type: integer 
	Parameter C_READ_LATENCY_A bound to: 1 - type: integer 
	Parameter C_READ_LATENCY_B bound to: 1 - type: integer 
	Parameter C_HAS_INJECTERR bound to: 0 - type: integer 
	Parameter C_SIM_COLLISION_CHECK bound to: ALL - type: string 
	Parameter C_COMMON_CLK bound to: 0 - type: integer 
	Parameter C_DISABLE_WARN_BHV_COLL bound to: 0 - type: integer 
	Parameter C_EN_SLEEP_PIN bound to: 0 - type: integer 
	Parameter C_USE_URAM bound to: 0 - type: integer 
	Parameter C_EN_RDADDRA_CHG bound to: 0 - type: integer 
	Parameter C_EN_RDADDRB_CHG bound to: 0 - type: integer 
	Parameter C_EN_DEEPSLEEP_PIN bound to: 0 - type: integer 
	Parameter C_EN_SHUTDOWN_PIN bound to: 0 - type: integer 
	Parameter C_EN_SAFETY_CKT bound to: 0 - type: integer 
	Parameter C_DISABLE_WARN_BHV_RANGE bound to: 0 - type: integer 
	Parameter C_COUNT_36K_BRAM bound to: 0 - type: string 
	Parameter C_COUNT_18K_BRAM bound to: 5 - type: string 
	Parameter C_EST_POWER_SUMMARY bound to: Estimated Power for IP     :     4.455959 mW - type: string 
INFO: [Synth 8-3491] module 'blk_mem_gen_v8_4_2' declared at 'e:/WWW/든힙/2025든힙/Xilinx_FPGA/Project/A3/A3.srcs/sources_1/ip/ram_16x256/hdl/blk_mem_gen_v8_4_vhsyn_rfs.vhd:195321' bound to instance 'U0' of component 'blk_mem_gen_v8_4_2' [e:/WWW/든힙/2025든힙/Xilinx_FPGA/Project/A3/A3.srcs/sources_1/ip/rom_28x2500/synth/rom_28x2500.vhd:230]
INFO: [Synth 8-256] done synthesizing module 'rom_28x2500' (13#1) [e:/WWW/든힙/2025든힙/Xilinx_FPGA/Project/A3/A3.srcs/sources_1/ip/rom_28x2500/synth/rom_28x2500.vhd:67]
INFO: [Synth 8-6157] synthesizing module 'DDS' [E:/WWW/든힙/2025든힙/Xilinx_FPGA/Project/A3/A3.srcs/sources_1/new/DDS.v:23]
	Parameter FWORD_WIDTH bound to: 28 - type: integer 
	Parameter ADDR_WIDTH bound to: 8 - type: integer 
	Parameter DAC_WIDTH bound to: 14 - type: integer 
INFO: [Synth 8-6155] done synthesizing module 'DDS' (14#1) [E:/WWW/든힙/2025든힙/Xilinx_FPGA/Project/A3/A3.srcs/sources_1/new/DDS.v:23]
INFO: [Synth 8-6157] synthesizing module 'rom_sin' [E:/WWW/든힙/2025든힙/Xilinx_FPGA/Project/A3/A3.srcs/sources_1/new/rom_sin.v:23]
	Parameter DATA_WIDTH bound to: 14 - type: integer 
	Parameter ADDR_WIDTH bound to: 8 - type: integer 
	Parameter ROM_DEPTH bound to: 256 - type: integer 
INFO: [Synth 8-6155] done synthesizing module 'rom_sin' (15#1) [E:/WWW/든힙/2025든힙/Xilinx_FPGA/Project/A3/A3.srcs/sources_1/new/rom_sin.v:23]
INFO: [Synth 8-638] synthesizing module 'ram_16x256' [e:/WWW/든힙/2025든힙/Xilinx_FPGA/Project/A3/A3.srcs/sources_1/ip/ram_16x256/synth/ram_16x256.vhd:71]
	Parameter C_FAMILY bound to: zynq - type: string 
	Parameter C_XDEVICEFAMILY bound to: zynq - type: string 
	Parameter C_ELABORATION_DIR bound to: ./ - type: string 
	Parameter C_INTERFACE_TYPE bound to: 0 - type: integer 
	Parameter C_AXI_TYPE bound to: 1 - type: integer 
	Parameter C_AXI_SLAVE_TYPE bound to: 0 - type: integer 
	Parameter C_USE_BRAM_BLOCK bound to: 0 - type: integer 
	Parameter C_ENABLE_32BIT_ADDRESS bound to: 0 - type: integer 
	Parameter C_CTRL_ECC_ALGO bound to: NONE - type: string 
	Parameter C_HAS_AXI_ID bound to: 0 - type: integer 
	Parameter C_AXI_ID_WIDTH bound to: 4 - type: integer 
	Parameter C_MEM_TYPE bound to: 1 - type: integer 
	Parameter C_BYTE_SIZE bound to: 9 - type: integer 
	Parameter C_ALGORITHM bound to: 1 - type: integer 
	Parameter C_PRIM_TYPE bound to: 1 - type: integer 
	Parameter C_LOAD_INIT_FILE bound to: 0 - type: integer 
	Parameter C_INIT_FILE_NAME bound to: no_coe_file_loaded - type: string 
	Parameter C_INIT_FILE bound to: ram_16x256.mem - type: string 
	Parameter C_USE_DEFAULT_DATA bound to: 0 - type: integer 
	Parameter C_DEFAULT_DATA bound to: 0 - type: string 
	Parameter C_HAS_RSTA bound to: 0 - type: integer 
	Parameter C_RST_PRIORITY_A bound to: CE - type: string 
	Parameter C_RSTRAM_A bound to: 0 - type: integer 
	Parameter C_INITA_VAL bound to: 0 - type: string 
	Parameter C_HAS_ENA bound to: 0 - type: integer 
	Parameter C_HAS_REGCEA bound to: 0 - type: integer 
	Parameter C_USE_BYTE_WEA bound to: 0 - type: integer 
	Parameter C_WEA_WIDTH bound to: 1 - type: integer 
	Parameter C_WRITE_MODE_A bound to: NO_CHANGE - type: string 
	Parameter C_WRITE_WIDTH_A bound to: 16 - type: integer 
	Parameter C_READ_WIDTH_A bound to: 16 - type: integer 
	Parameter C_WRITE_DEPTH_A bound to: 256 - type: integer 
	Parameter C_READ_DEPTH_A bound to: 256 - type: integer 
	Parameter C_ADDRA_WIDTH bound to: 8 - type: integer 
	Parameter C_HAS_RSTB bound to: 0 - type: integer 
	Parameter C_RST_PRIORITY_B bound to: CE - type: string 
	Parameter C_RSTRAM_B bound to: 0 - type: integer 
	Parameter C_INITB_VAL bound to: 0 - type: string 
	Parameter C_HAS_ENB bound to: 0 - type: integer 
	Parameter C_HAS_REGCEB bound to: 0 - type: integer 
	Parameter C_USE_BYTE_WEB bound to: 0 - type: integer 
	Parameter C_WEB_WIDTH bound to: 1 - type: integer 
	Parameter C_WRITE_MODE_B bound to: WRITE_FIRST - type: string 
	Parameter C_WRITE_WIDTH_B bound to: 16 - type: integer 
	Parameter C_READ_WIDTH_B bound to: 16 - type: integer 
	Parameter C_WRITE_DEPTH_B bound to: 256 - type: integer 
	Parameter C_READ_DEPTH_B bound to: 256 - type: integer 
	Parameter C_ADDRB_WIDTH bound to: 8 - type: integer 
	Parameter C_HAS_MEM_OUTPUT_REGS_A bound to: 0 - type: integer 
	Parameter C_HAS_MEM_OUTPUT_REGS_B bound to: 0 - type: integer 
	Parameter C_HAS_MUX_OUTPUT_REGS_A bound to: 0 - type: integer 
	Parameter C_HAS_MUX_OUTPUT_REGS_B bound to: 0 - type: integer 
	Parameter C_MUX_PIPELINE_STAGES bound to: 0 - type: integer 
	Parameter C_HAS_SOFTECC_INPUT_REGS_A bound to: 0 - type: integer 
	Parameter C_HAS_SOFTECC_OUTPUT_REGS_B bound to: 0 - type: integer 
	Parameter C_USE_SOFTECC bound to: 0 - type: integer 
	Parameter C_USE_ECC bound to: 0 - type: integer 
	Parameter C_EN_ECC_PIPE bound to: 0 - type: integer 
	Parameter C_READ_LATENCY_A bound to: 1 - type: integer 
	Parameter C_READ_LATENCY_B bound to: 1 - type: integer 
	Parameter C_HAS_INJECTERR bound to: 0 - type: integer 
	Parameter C_SIM_COLLISION_CHECK bound to: ALL - type: string 
	Parameter C_COMMON_CLK bound to: 0 - type: integer 
	Parameter C_DISABLE_WARN_BHV_COLL bound to: 0 - type: integer 
	Parameter C_EN_SLEEP_PIN bound to: 0 - type: integer 
	Parameter C_USE_URAM bound to: 0 - type: integer 
	Parameter C_EN_RDADDRA_CHG bound to: 0 - type: integer 
	Parameter C_EN_RDADDRB_CHG bound to: 0 - type: integer 
	Parameter C_EN_DEEPSLEEP_PIN bound to: 0 - type: integer 
	Parameter C_EN_SHUTDOWN_PIN bound to: 0 - type: integer 
	Parameter C_EN_SAFETY_CKT bound to: 0 - type: integer 
	Parameter C_DISABLE_WARN_BHV_RANGE bound to: 0 - type: integer 
	Parameter C_COUNT_36K_BRAM bound to: 0 - type: string 
	Parameter C_COUNT_18K_BRAM bound to: 1 - type: string 
	Parameter C_EST_POWER_SUMMARY bound to: Estimated Power for IP     :     3.01735 mW - type: string 
INFO: [Synth 8-3491] module 'blk_mem_gen_v8_4_2' declared at 'e:/WWW/든힙/2025든힙/Xilinx_FPGA/Project/A3/A3.srcs/sources_1/ip/ram_16x256/hdl/blk_mem_gen_v8_4_vhsyn_rfs.vhd:195321' bound to instance 'U0' of component 'blk_mem_gen_v8_4_2' [e:/WWW/든힙/2025든힙/Xilinx_FPGA/Project/A3/A3.srcs/sources_1/ip/ram_16x256/synth/ram_16x256.vhd:239]
INFO: [Synth 8-256] done synthesizing module 'ram_16x256' (17#1) [e:/WWW/든힙/2025든힙/Xilinx_FPGA/Project/A3/A3.srcs/sources_1/ip/ram_16x256/synth/ram_16x256.vhd:71]
INFO: [Synth 8-6157] synthesizing module 'freq_rom' [E:/WWW/든힙/2025든힙/Xilinx_FPGA/Project/A3/A3.srcs/sources_1/new/freq_rom.v:23]
	Parameter DATA_WIDTH bound to: 32 - type: integer 
	Parameter ADDR_WIDTH bound to: 8 - type: integer 
	Parameter ROM_DEPTH bound to: 246 - type: integer 
INFO: [Synth 8-6155] done synthesizing module 'freq_rom' (18#1) [E:/WWW/든힙/2025든힙/Xilinx_FPGA/Project/A3/A3.srcs/sources_1/new/freq_rom.v:23]
INFO: [Synth 8-6157] synthesizing module 'DDS__parameterized0' [E:/WWW/든힙/2025든힙/Xilinx_FPGA/Project/A3/A3.srcs/sources_1/new/DDS.v:23]
	Parameter FWORD_WIDTH bound to: 32 - type: integer 
	Parameter ADDR_WIDTH bound to: 8 - type: integer 
	Parameter DAC_WIDTH bound to: 14 - type: integer 
INFO: [Synth 8-6155] done synthesizing module 'DDS__parameterized0' (18#1) [E:/WWW/든힙/2025든힙/Xilinx_FPGA/Project/A3/A3.srcs/sources_1/new/DDS.v:23]
INFO: [Synth 8-6157] synthesizing module 'clk_wiz_0' [e:/WWW/든힙/2025든힙/Xilinx_FPGA/Project/A3/A3.srcs/sources_1/ip/clk_wiz_0/clk_wiz_0.v:71]
INFO: [Synth 8-6157] synthesizing module 'clk_wiz_0_clk_wiz' [e:/WWW/든힙/2025든힙/Xilinx_FPGA/Project/A3/A3.srcs/sources_1/ip/clk_wiz_0/clk_wiz_0_clk_wiz.v:69]
INFO: [Synth 8-6157] synthesizing module 'IBUF' [E:/APP/ZYNQ_soft/Vivado/Vivado/2018.3/scripts/rt/data/unisim_comp.v:20408]
	Parameter CAPACITANCE bound to: DONT_CARE - type: string 
	Parameter IBUF_DELAY_VALUE bound to: 0 - type: string 
	Parameter IBUF_LOW_PWR bound to: TRUE - type: string 
	Parameter IFD_DELAY_VALUE bound to: AUTO - type: string 
	Parameter IOSTANDARD bound to: DEFAULT - type: string 
INFO: [Synth 8-6155] done synthesizing module 'IBUF' (19#1) [E:/APP/ZYNQ_soft/Vivado/Vivado/2018.3/scripts/rt/data/unisim_comp.v:20408]
INFO: [Synth 8-6157] synthesizing module 'PLLE2_ADV' [E:/APP/ZYNQ_soft/Vivado/Vivado/2018.3/scripts/rt/data/unisim_comp.v:41045]
	Parameter BANDWIDTH bound to: OPTIMIZED - type: string 
	Parameter CLKFBOUT_MULT bound to: 20 - type: integer 
	Parameter CLKFBOUT_PHASE bound to: 0.000000 - type: float 
	Parameter CLKIN1_PERIOD bound to: 20.000000 - type: float 
	Parameter CLKIN2_PERIOD bound to: 0.000000 - type: float 
	Parameter CLKOUT0_DIVIDE bound to: 20 - type: integer 
	Parameter CLKOUT0_DUTY_CYCLE bound to: 0.500000 - type: float 
	Parameter CLKOUT0_PHASE bound to: 0.000000 - type: float 
	Parameter CLKOUT1_DIVIDE bound to: 8 - type: integer 
	Parameter CLKOUT1_DUTY_CYCLE bound to: 0.500000 - type: float 
	Parameter CLKOUT1_PHASE bound to: 0.000000 - type: float 
	Parameter CLKOUT2_DIVIDE bound to: 1 - type: integer 
	Parameter CLKOUT2_DUTY_CYCLE bound to: 0.500000 - type: float 
	Parameter CLKOUT2_PHASE bound to: 0.000000 - type: float 
	Parameter CLKOUT3_DIVIDE bound to: 1 - type: integer 
	Parameter CLKOUT3_DUTY_CYCLE bound to: 0.500000 - type: float 
	Parameter CLKOUT3_PHASE bound to: 0.000000 - type: float 
	Parameter CLKOUT4_DIVIDE bound to: 1 - type: integer 
	Parameter CLKOUT4_DUTY_CYCLE bound to: 0.500000 - type: float 
	Parameter CLKOUT4_PHASE bound to: 0.000000 - type: float 
	Parameter CLKOUT5_DIVIDE bound to: 1 - type: integer 
	Parameter CLKOUT5_DUTY_CYCLE bound to: 0.500000 - type: float 
	Parameter CLKOUT5_PHASE bound to: 0.000000 - type: float 
	Parameter COMPENSATION bound to: ZHOLD - type: string 
	Parameter DIVCLK_DIVIDE bound to: 1 - type: integer 
	Parameter IS_CLKINSEL_INVERTED bound to: 1'b0 
	Parameter IS_PWRDWN_INVERTED bound to: 1'b0 
	Parameter IS_RST_INVERTED bound to: 1'b0 
	Parameter REF_JITTER1 bound to: 0.010000 - type: float 
	Parameter REF_JITTER2 bound to: 0.010000 - type: float 
	Parameter STARTUP_WAIT bound to: FALSE - type: string 
INFO: [Synth 8-6155] done synthesizing module 'PLLE2_ADV' (20#1) [E:/APP/ZYNQ_soft/Vivado/Vivado/2018.3/scripts/rt/data/unisim_comp.v:41045]
INFO: [Synth 8-6157] synthesizing module 'BUFG' [E:/APP/ZYNQ_soft/Vivado/Vivado/2018.3/scripts/rt/data/unisim_comp.v:609]
INFO: [Synth 8-6155] done synthesizing module 'BUFG' (21#1) [E:/APP/ZYNQ_soft/Vivado/Vivado/2018.3/scripts/rt/data/unisim_comp.v:609]
INFO: [Synth 8-6155] done synthesizing module 'clk_wiz_0_clk_wiz' (22#1) [e:/WWW/든힙/2025든힙/Xilinx_FPGA/Project/A3/A3.srcs/sources_1/ip/clk_wiz_0/clk_wiz_0_clk_wiz.v:69]
INFO: [Synth 8-6155] done synthesizing module 'clk_wiz_0' (23#1) [e:/WWW/든힙/2025든힙/Xilinx_FPGA/Project/A3/A3.srcs/sources_1/ip/clk_wiz_0/clk_wiz_0.v:71]
WARNING: [Synth 8-4446] all outputs are unconnected for this instance and logic may be removed [E:/WWW/든힙/2025든힙/Xilinx_FPGA/Project/A3/A3.srcs/sources_1/new/A3.v:263]
INFO: [Synth 8-6157] synthesizing module 'ila_0' [e:/WWW/든힙/2025든힙/Xilinx_FPGA/Project/A3/A3.srcs/sources_1/ip/ila_0/synth/ila_0.v:84]
INFO: [Synth 8-6157] synthesizing module 'CFGLUT5' [E:/APP/ZYNQ_soft/Vivado/Vivado/2018.3/scripts/rt/data/unisim_comp.v:1005]
INFO: [Synth 8-6155] done synthesizing module 'CFGLUT5' (31#1) [E:/APP/ZYNQ_soft/Vivado/Vivado/2018.3/scripts/rt/data/unisim_comp.v:1005]
INFO: [Synth 8-6157] synthesizing module 'CARRY4' [E:/APP/ZYNQ_soft/Vivado/Vivado/2018.3/scripts/rt/data/unisim_comp.v:968]
INFO: [Synth 8-6155] done synthesizing module 'CARRY4' (32#1) [E:/APP/ZYNQ_soft/Vivado/Vivado/2018.3/scripts/rt/data/unisim_comp.v:968]
INFO: [Synth 8-6157] synthesizing module 'SRLC32E' [E:/APP/ZYNQ_soft/Vivado/Vivado/2018.3/scripts/rt/data/unisim_comp.v:51849]
INFO: [Synth 8-6155] done synthesizing module 'SRLC32E' (42#1) [E:/APP/ZYNQ_soft/Vivado/Vivado/2018.3/scripts/rt/data/unisim_comp.v:51849]
INFO: [Synth 8-6157] synthesizing module 'SRL16E' [E:/APP/ZYNQ_soft/Vivado/Vivado/2018.3/scripts/rt/data/unisim_comp.v:51699]
INFO: [Synth 8-6155] done synthesizing module 'SRL16E' (44#1) [E:/APP/ZYNQ_soft/Vivado/Vivado/2018.3/scripts/rt/data/unisim_comp.v:51699]
INFO: [Synth 8-6157] synthesizing module 'SRLC16E' [E:/APP/ZYNQ_soft/Vivado/Vivado/2018.3/scripts/rt/data/unisim_comp.v:51788]
INFO: [Synth 8-6155] done synthesizing module 'SRLC16E' (46#1) [E:/APP/ZYNQ_soft/Vivado/Vivado/2018.3/scripts/rt/data/unisim_comp.v:51788]
INFO: [Synth 8-6157] synthesizing module 'FDRE' [E:/APP/ZYNQ_soft/Vivado/Vivado/2018.3/scripts/rt/data/unisim_comp.v:3971]
INFO: [Synth 8-6155] done synthesizing module 'FDRE' (51#1) [E:/APP/ZYNQ_soft/Vivado/Vivado/2018.3/scripts/rt/data/unisim_comp.v:3971]
WARNING: [Synth 8-350] instance 'inst' of module 'ila_v6_2_8_ila' requires 1033 connections, but only 1027 given [e:/WWW/든힙/2025든힙/Xilinx_FPGA/Project/A3/A3.srcs/sources_1/ip/ila_0/synth/ila_0.v:3257]
WARNING: [Synth 8-3848] Net sl_iport0 in module/entity ila_0 does not have driver. [e:/WWW/든힙/2025든힙/Xilinx_FPGA/Project/A3/A3.srcs/sources_1/ip/ila_0/synth/ila_0.v:146]
INFO: [Synth 8-6155] done synthesizing module 'ila_0' (71#1) [e:/WWW/든힙/2025든힙/Xilinx_FPGA/Project/A3/A3.srcs/sources_1/ip/ila_0/synth/ila_0.v:84]
INFO: [Synth 8-6071] Mark debug on the nets applies keep_hierarchy on instance 'spi2_inst'. This will prevent further optimization [E:/WWW/든힙/2025든힙/Xilinx_FPGA/Project/A3/A3.srcs/sources_1/new/A3.v:111]
INFO: [Synth 8-6071] Mark debug on the nets applies keep_hierarchy on instance 'u_ila_0'. This will prevent further optimization [E:/WWW/든힙/2025든힙/Xilinx_FPGA/Project/A3/A3.srcs/sources_1/new/A3.v:263]
INFO: [Synth 8-6071] Mark debug on the nets applies keep_hierarchy on instance 'rx_ctrl_inst'. This will prevent further optimization [E:/WWW/든힙/2025든힙/Xilinx_FPGA/Project/A3/A3.srcs/sources_1/new/A3.v:123]
INFO: [Synth 8-6071] Mark debug on the nets applies keep_hierarchy on instance 'mode1_freq_rom_inst'. This will prevent further optimization [E:/WWW/든힙/2025든힙/Xilinx_FPGA/Project/A3/A3.srcs/sources_1/new/A3.v:142]
INFO: [Synth 8-6071] Mark debug on the nets applies keep_hierarchy on instance 'mode1_dds1_inst'. This will prevent further optimization [E:/WWW/든힙/2025든힙/Xilinx_FPGA/Project/A3/A3.srcs/sources_1/new/A3.v:153]
INFO: [Synth 8-6071] Mark debug on the nets applies keep_hierarchy on instance 'mode1_sin_rom_inst'. This will prevent further optimization [E:/WWW/든힙/2025든힙/Xilinx_FPGA/Project/A3/A3.srcs/sources_1/new/A3.v:166]
INFO: [Synth 8-6071] Mark debug on the nets applies keep_hierarchy on instance 'mode2_wave_ram_inst'. This will prevent further optimization [E:/WWW/든힙/2025든힙/Xilinx_FPGA/Project/A3/A3.srcs/sources_1/new/A3.v:174]
INFO: [Synth 8-6071] Mark debug on the nets applies keep_hierarchy on instance 'mode3_freq_rom_inst'. This will prevent further optimization [E:/WWW/든힙/2025든힙/Xilinx_FPGA/Project/A3/A3.srcs/sources_1/new/A3.v:189]
INFO: [Synth 8-6071] Mark debug on the nets applies keep_hierarchy on instance 'mode3_dds2_inst'. This will prevent further optimization [E:/WWW/든힙/2025든힙/Xilinx_FPGA/Project/A3/A3.srcs/sources_1/new/A3.v:201]
INFO: [Synth 8-6155] done synthesizing module 'A3' (72#1) [E:/WWW/든힙/2025든힙/Xilinx_FPGA/Project/A3/A3.srcs/sources_1/new/A3.v:23]
WARNING: [Synth 8-3331] design blk_mem_gen_v8_3_6_blk_mem_gen_mux__parameterized0 has unconnected port MUX_RST[0]
WARNING: [Synth 8-3331] design blk_mem_gen_v8_3_6_blk_mem_gen_mux__parameterized0 has unconnected port MEM_LAT_RST
WARNING: [Synth 8-3331] design blk_mem_gen_v8_3_6_blk_mem_gen_mux__parameterized0 has unconnected port MUX_REGCE[0]
WARNING: [Synth 8-3331] design blk_mem_gen_v8_3_6_blk_mem_gen_mux__parameterized0 has unconnected port WE
WARNING: [Synth 8-3331] design blk_mem_gen_v8_3_6_blk_mem_gen_mux__parameterized0 has unconnected port ADDR_IN[13]
WARNING: [Synth 8-3331] design blk_mem_gen_v8_3_6_blk_mem_gen_mux__parameterized0 has unconnected port ADDR_IN[12]
WARNING: [Synth 8-3331] design blk_mem_gen_v8_3_6_blk_mem_gen_mux__parameterized0 has unconnected port ADDR_IN[11]
WARNING: [Synth 8-3331] design blk_mem_gen_v8_3_6_blk_mem_gen_mux__parameterized0 has unconnected port ADDR_IN[10]
WARNING: [Synth 8-3331] design blk_mem_gen_v8_3_6_blk_mem_gen_mux__parameterized0 has unconnected port ADDR_IN[9]
WARNING: [Synth 8-3331] design blk_mem_gen_v8_3_6_blk_mem_gen_mux__parameterized0 has unconnected port ADDR_IN[8]
WARNING: [Synth 8-3331] design blk_mem_gen_v8_3_6_blk_mem_gen_mux__parameterized0 has unconnected port ADDR_IN[7]
WARNING: [Synth 8-3331] design blk_mem_gen_v8_3_6_blk_mem_gen_mux__parameterized0 has unconnected port ADDR_IN[6]
WARNING: [Synth 8-3331] design blk_mem_gen_v8_3_6_blk_mem_gen_mux__parameterized0 has unconnected port ADDR_IN[5]
WARNING: [Synth 8-3331] design blk_mem_gen_v8_3_6_blk_mem_gen_mux__parameterized0 has unconnected port ADDR_IN[4]
WARNING: [Synth 8-3331] design blk_mem_gen_v8_3_6_blk_mem_gen_mux__parameterized0 has unconnected port ADDR_IN[3]
WARNING: [Synth 8-3331] design blk_mem_gen_v8_3_6_blk_mem_gen_mux__parameterized0 has unconnected port ADDR_IN[2]
WARNING: [Synth 8-3331] design blk_mem_gen_v8_3_6_blk_mem_gen_mux__parameterized0 has unconnected port ADDR_IN[1]
WARNING: [Synth 8-3331] design blk_mem_gen_v8_3_6_blk_mem_gen_mux__parameterized0 has unconnected port ADDR_IN[0]
WARNING: [Synth 8-3331] design blk_mem_gen_v8_3_6_blk_mem_gen_mux__parameterized0 has unconnected port SBITERRIN[391]
WARNING: [Synth 8-3331] design blk_mem_gen_v8_3_6_blk_mem_gen_mux__parameterized0 has unconnected port SBITERRIN[390]
WARNING: [Synth 8-3331] design blk_mem_gen_v8_3_6_blk_mem_gen_mux__parameterized0 has unconnected port SBITERRIN[389]
WARNING: [Synth 8-3331] design blk_mem_gen_v8_3_6_blk_mem_gen_mux__parameterized0 has unconnected port SBITERRIN[388]
WARNING: [Synth 8-3331] design blk_mem_gen_v8_3_6_blk_mem_gen_mux__parameterized0 has unconnected port SBITERRIN[387]
WARNING: [Synth 8-3331] design blk_mem_gen_v8_3_6_blk_mem_gen_mux__parameterized0 has unconnected port SBITERRIN[386]
WARNING: [Synth 8-3331] design blk_mem_gen_v8_3_6_blk_mem_gen_mux__parameterized0 has unconnected port SBITERRIN[385]
WARNING: [Synth 8-3331] design blk_mem_gen_v8_3_6_blk_mem_gen_mux__parameterized0 has unconnected port SBITERRIN[384]
WARNING: [Synth 8-3331] design blk_mem_gen_v8_3_6_blk_mem_gen_mux__parameterized0 has unconnected port SBITERRIN[383]
WARNING: [Synth 8-3331] design blk_mem_gen_v8_3_6_blk_mem_gen_mux__parameterized0 has unconnected port SBITERRIN[382]
WARNING: [Synth 8-3331] design blk_mem_gen_v8_3_6_blk_mem_gen_mux__parameterized0 has unconnected port SBITERRIN[381]
WARNING: [Synth 8-3331] design blk_mem_gen_v8_3_6_blk_mem_gen_mux__parameterized0 has unconnected port SBITERRIN[380]
WARNING: [Synth 8-3331] design blk_mem_gen_v8_3_6_blk_mem_gen_mux__parameterized0 has unconnected port SBITERRIN[379]
WARNING: [Synth 8-3331] design blk_mem_gen_v8_3_6_blk_mem_gen_mux__parameterized0 has unconnected port SBITERRIN[378]
WARNING: [Synth 8-3331] design blk_mem_gen_v8_3_6_blk_mem_gen_mux__parameterized0 has unconnected port SBITERRIN[377]
WARNING: [Synth 8-3331] design blk_mem_gen_v8_3_6_blk_mem_gen_mux__parameterized0 has unconnected port SBITERRIN[376]
WARNING: [Synth 8-3331] design blk_mem_gen_v8_3_6_blk_mem_gen_mux__parameterized0 has unconnected port SBITERRIN[375]
WARNING: [Synth 8-3331] design blk_mem_gen_v8_3_6_blk_mem_gen_mux__parameterized0 has unconnected port SBITERRIN[374]
WARNING: [Synth 8-3331] design blk_mem_gen_v8_3_6_blk_mem_gen_mux__parameterized0 has unconnected port SBITERRIN[373]
WARNING: [Synth 8-3331] design blk_mem_gen_v8_3_6_blk_mem_gen_mux__parameterized0 has unconnected port SBITERRIN[372]
WARNING: [Synth 8-3331] design blk_mem_gen_v8_3_6_blk_mem_gen_mux__parameterized0 has unconnected port SBITERRIN[371]
WARNING: [Synth 8-3331] design blk_mem_gen_v8_3_6_blk_mem_gen_mux__parameterized0 has unconnected port SBITERRIN[370]
WARNING: [Synth 8-3331] design blk_mem_gen_v8_3_6_blk_mem_gen_mux__parameterized0 has unconnected port SBITERRIN[369]
WARNING: [Synth 8-3331] design blk_mem_gen_v8_3_6_blk_mem_gen_mux__parameterized0 has unconnected port SBITERRIN[368]
WARNING: [Synth 8-3331] design blk_mem_gen_v8_3_6_blk_mem_gen_mux__parameterized0 has unconnected port SBITERRIN[367]
WARNING: [Synth 8-3331] design blk_mem_gen_v8_3_6_blk_mem_gen_mux__parameterized0 has unconnected port SBITERRIN[366]
WARNING: [Synth 8-3331] design blk_mem_gen_v8_3_6_blk_mem_gen_mux__parameterized0 has unconnected port SBITERRIN[365]
WARNING: [Synth 8-3331] design blk_mem_gen_v8_3_6_blk_mem_gen_mux__parameterized0 has unconnected port SBITERRIN[364]
WARNING: [Synth 8-3331] design blk_mem_gen_v8_3_6_blk_mem_gen_mux__parameterized0 has unconnected port SBITERRIN[363]
WARNING: [Synth 8-3331] design blk_mem_gen_v8_3_6_blk_mem_gen_mux__parameterized0 has unconnected port SBITERRIN[362]
WARNING: [Synth 8-3331] design blk_mem_gen_v8_3_6_blk_mem_gen_mux__parameterized0 has unconnected port SBITERRIN[361]
WARNING: [Synth 8-3331] design blk_mem_gen_v8_3_6_blk_mem_gen_mux__parameterized0 has unconnected port SBITERRIN[360]
WARNING: [Synth 8-3331] design blk_mem_gen_v8_3_6_blk_mem_gen_mux__parameterized0 has unconnected port SBITERRIN[359]
WARNING: [Synth 8-3331] design blk_mem_gen_v8_3_6_blk_mem_gen_mux__parameterized0 has unconnected port SBITERRIN[358]
WARNING: [Synth 8-3331] design blk_mem_gen_v8_3_6_blk_mem_gen_mux__parameterized0 has unconnected port SBITERRIN[357]
WARNING: [Synth 8-3331] design blk_mem_gen_v8_3_6_blk_mem_gen_mux__parameterized0 has unconnected port SBITERRIN[356]
WARNING: [Synth 8-3331] design blk_mem_gen_v8_3_6_blk_mem_gen_mux__parameterized0 has unconnected port SBITERRIN[355]
WARNING: [Synth 8-3331] design blk_mem_gen_v8_3_6_blk_mem_gen_mux__parameterized0 has unconnected port SBITERRIN[354]
WARNING: [Synth 8-3331] design blk_mem_gen_v8_3_6_blk_mem_gen_mux__parameterized0 has unconnected port SBITERRIN[353]
WARNING: [Synth 8-3331] design blk_mem_gen_v8_3_6_blk_mem_gen_mux__parameterized0 has unconnected port SBITERRIN[352]
WARNING: [Synth 8-3331] design blk_mem_gen_v8_3_6_blk_mem_gen_mux__parameterized0 has unconnected port SBITERRIN[351]
WARNING: [Synth 8-3331] design blk_mem_gen_v8_3_6_blk_mem_gen_mux__parameterized0 has unconnected port SBITERRIN[350]
WARNING: [Synth 8-3331] design blk_mem_gen_v8_3_6_blk_mem_gen_mux__parameterized0 has unconnected port SBITERRIN[349]
WARNING: [Synth 8-3331] design blk_mem_gen_v8_3_6_blk_mem_gen_mux__parameterized0 has unconnected port SBITERRIN[348]
WARNING: [Synth 8-3331] design blk_mem_gen_v8_3_6_blk_mem_gen_mux__parameterized0 has unconnected port SBITERRIN[347]
WARNING: [Synth 8-3331] design blk_mem_gen_v8_3_6_blk_mem_gen_mux__parameterized0 has unconnected port SBITERRIN[346]
WARNING: [Synth 8-3331] design blk_mem_gen_v8_3_6_blk_mem_gen_mux__parameterized0 has unconnected port SBITERRIN[345]
WARNING: [Synth 8-3331] design blk_mem_gen_v8_3_6_blk_mem_gen_mux__parameterized0 has unconnected port SBITERRIN[344]
WARNING: [Synth 8-3331] design blk_mem_gen_v8_3_6_blk_mem_gen_mux__parameterized0 has unconnected port SBITERRIN[343]
WARNING: [Synth 8-3331] design blk_mem_gen_v8_3_6_blk_mem_gen_mux__parameterized0 has unconnected port SBITERRIN[342]
WARNING: [Synth 8-3331] design blk_mem_gen_v8_3_6_blk_mem_gen_mux__parameterized0 has unconnected port SBITERRIN[341]
WARNING: [Synth 8-3331] design blk_mem_gen_v8_3_6_blk_mem_gen_mux__parameterized0 has unconnected port SBITERRIN[340]
WARNING: [Synth 8-3331] design blk_mem_gen_v8_3_6_blk_mem_gen_mux__parameterized0 has unconnected port SBITERRIN[339]
WARNING: [Synth 8-3331] design blk_mem_gen_v8_3_6_blk_mem_gen_mux__parameterized0 has unconnected port SBITERRIN[338]
WARNING: [Synth 8-3331] design blk_mem_gen_v8_3_6_blk_mem_gen_mux__parameterized0 has unconnected port SBITERRIN[337]
WARNING: [Synth 8-3331] design blk_mem_gen_v8_3_6_blk_mem_gen_mux__parameterized0 has unconnected port SBITERRIN[336]
WARNING: [Synth 8-3331] design blk_mem_gen_v8_3_6_blk_mem_gen_mux__parameterized0 has unconnected port SBITERRIN[335]
WARNING: [Synth 8-3331] design blk_mem_gen_v8_3_6_blk_mem_gen_mux__parameterized0 has unconnected port SBITERRIN[334]
WARNING: [Synth 8-3331] design blk_mem_gen_v8_3_6_blk_mem_gen_mux__parameterized0 has unconnected port SBITERRIN[333]
WARNING: [Synth 8-3331] design blk_mem_gen_v8_3_6_blk_mem_gen_mux__parameterized0 has unconnected port SBITERRIN[332]
WARNING: [Synth 8-3331] design blk_mem_gen_v8_3_6_blk_mem_gen_mux__parameterized0 has unconnected port SBITERRIN[331]
WARNING: [Synth 8-3331] design blk_mem_gen_v8_3_6_blk_mem_gen_mux__parameterized0 has unconnected port SBITERRIN[330]
WARNING: [Synth 8-3331] design blk_mem_gen_v8_3_6_blk_mem_gen_mux__parameterized0 has unconnected port SBITERRIN[329]
WARNING: [Synth 8-3331] design blk_mem_gen_v8_3_6_blk_mem_gen_mux__parameterized0 has unconnected port SBITERRIN[328]
WARNING: [Synth 8-3331] design blk_mem_gen_v8_3_6_blk_mem_gen_mux__parameterized0 has unconnected port SBITERRIN[327]
WARNING: [Synth 8-3331] design blk_mem_gen_v8_3_6_blk_mem_gen_mux__parameterized0 has unconnected port SBITERRIN[326]
WARNING: [Synth 8-3331] design blk_mem_gen_v8_3_6_blk_mem_gen_mux__parameterized0 has unconnected port SBITERRIN[325]
WARNING: [Synth 8-3331] design blk_mem_gen_v8_3_6_blk_mem_gen_mux__parameterized0 has unconnected port SBITERRIN[324]
WARNING: [Synth 8-3331] design blk_mem_gen_v8_3_6_blk_mem_gen_mux__parameterized0 has unconnected port SBITERRIN[323]
WARNING: [Synth 8-3331] design blk_mem_gen_v8_3_6_blk_mem_gen_mux__parameterized0 has unconnected port SBITERRIN[322]
WARNING: [Synth 8-3331] design blk_mem_gen_v8_3_6_blk_mem_gen_mux__parameterized0 has unconnected port SBITERRIN[321]
WARNING: [Synth 8-3331] design blk_mem_gen_v8_3_6_blk_mem_gen_mux__parameterized0 has unconnected port SBITERRIN[320]
WARNING: [Synth 8-3331] design blk_mem_gen_v8_3_6_blk_mem_gen_mux__parameterized0 has unconnected port SBITERRIN[319]
WARNING: [Synth 8-3331] design blk_mem_gen_v8_3_6_blk_mem_gen_mux__parameterized0 has unconnected port SBITERRIN[318]
WARNING: [Synth 8-3331] design blk_mem_gen_v8_3_6_blk_mem_gen_mux__parameterized0 has unconnected port SBITERRIN[317]
WARNING: [Synth 8-3331] design blk_mem_gen_v8_3_6_blk_mem_gen_mux__parameterized0 has unconnected port SBITERRIN[316]
WARNING: [Synth 8-3331] design blk_mem_gen_v8_3_6_blk_mem_gen_mux__parameterized0 has unconnected port SBITERRIN[315]
WARNING: [Synth 8-3331] design blk_mem_gen_v8_3_6_blk_mem_gen_mux__parameterized0 has unconnected port SBITERRIN[314]
WARNING: [Synth 8-3331] design blk_mem_gen_v8_3_6_blk_mem_gen_mux__parameterized0 has unconnected port SBITERRIN[313]
WARNING: [Synth 8-3331] design blk_mem_gen_v8_3_6_blk_mem_gen_mux__parameterized0 has unconnected port SBITERRIN[312]
WARNING: [Synth 8-3331] design blk_mem_gen_v8_3_6_blk_mem_gen_mux__parameterized0 has unconnected port SBITERRIN[311]
WARNING: [Synth 8-3331] design blk_mem_gen_v8_3_6_blk_mem_gen_mux__parameterized0 has unconnected port SBITERRIN[310]
INFO: [Common 17-14] Message 'Synth 8-3331' appears 100 times and further instances of the messages will be disabled. Use the Tcl command set_msg_config to change the current settings.
