#-----------------------------------------------------------
# Vivado v2018.3 (64-bit)
# SW Build 2405991 on Thu Dec  6 23:38:27 MST 2018
# IP Build 2404404 on Fri Dec  7 01:43:56 MST 2018
# Start of session at: Sun Mar 22 10:51:26 2026
# Process ID: 41852
# Current directory: E:/WWW/든힙/2025든힙/Xilinx_FPGA/Project/A3
# Command line: vivado.exe -gui_launcher_event rodinguilauncherevent4936 E:\WWW\든힙\2025든힙\Xilinx_FPGA\Project\A3\A3.xpr
# Log file: E:/WWW/든힙/2025든힙/Xilinx_FPGA/Project/A3/vivado.log
# Journal file: E:/WWW/든힙/2025든힙/Xilinx_FPGA/Project/A3\vivado.jou
#-----------------------------------------------------------
start_gui
open_project E:/WWW/든힙/2025든힙/Xilinx_FPGA/Project/A3/A3.xpr
Scanning sources...
Finished scanning sources
INFO: [IP_Flow 19-234] Refreshing IP repositories
INFO: [IP_Flow 19-1704] No user IP repositories specified
INFO: [IP_Flow 19-2313] Loaded Vivado IP repository 'E:/APP/ZYNQ_soft/Vivado/Vivado/2018.3/data/ip'.
open_project: Time (s): cpu = 00:00:12 ; elapsed = 00:00:08 . Memory (MB): peak = 966.359 ; gain = 299.980
update_compile_order -fileset sources_1
open_run synth_1 -name synth_1
Design is defaulting to impl run constrset: constrs_1
Design is defaulting to synth run part: xc7z020clg400-2
INFO: [Netlist 29-17] Analyzing 499 Unisim elements for replacement
INFO: [Netlist 29-28] Unisim Transformation completed in 0 CPU seconds
INFO: [Project 1-479] Netlist was created with Vivado 2018.3
INFO: [Device 21-403] Loading part xc7z020clg400-2
INFO: [Project 1-570] Preparing netlist for logic optimization
Parsing XDC File [e:/WWW/든힙/2025든힙/Xilinx_FPGA/Project/A3/A3.srcs/sources_1/ip/clk_wiz_0/clk_wiz_0_board.xdc] for cell 'u_clk_wiz_0/inst'
Finished Parsing XDC File [e:/WWW/든힙/2025든힙/Xilinx_FPGA/Project/A3/A3.srcs/sources_1/ip/clk_wiz_0/clk_wiz_0_board.xdc] for cell 'u_clk_wiz_0/inst'
Parsing XDC File [e:/WWW/든힙/2025든힙/Xilinx_FPGA/Project/A3/A3.srcs/sources_1/ip/clk_wiz_0/clk_wiz_0.xdc] for cell 'u_clk_wiz_0/inst'
INFO: [Timing 38-35] Done setting XDC timing constraints. [e:/WWW/든힙/2025든힙/Xilinx_FPGA/Project/A3/A3.srcs/sources_1/ip/clk_wiz_0/clk_wiz_0.xdc:57]
INFO: [Timing 38-2] Deriving generated clocks [e:/WWW/든힙/2025든힙/Xilinx_FPGA/Project/A3/A3.srcs/sources_1/ip/clk_wiz_0/clk_wiz_0.xdc:57]
Finished Parsing XDC File [e:/WWW/든힙/2025든힙/Xilinx_FPGA/Project/A3/A3.srcs/sources_1/ip/clk_wiz_0/clk_wiz_0.xdc] for cell 'u_clk_wiz_0/inst'
Parsing XDC File [E:/WWW/든힙/2025든힙/Xilinx_FPGA/Project/A3/A3.srcs/constrs_1/new/A3.xdc]
Finished Parsing XDC File [E:/WWW/든힙/2025든힙/Xilinx_FPGA/Project/A3/A3.srcs/constrs_1/new/A3.xdc]
INFO: [Opt 31-138] Pushed 0 inverter(s) to 0 load pin(s).
Netlist sorting complete. Time (s): cpu = 00:00:00 ; elapsed = 00:00:00.001 . Memory (MB): peak = 1886.746 ; gain = 0.000
INFO: [Project 1-111] Unisim Transformation Summary:
  A total of 188 instances were transformed.
  CFGLUT5 => CFGLUT5 (SRLC32E, SRL16E): 188 instances

open_run: Time (s): cpu = 00:00:16 ; elapsed = 00:00:12 . Memory (MB): peak = 1959.055 ; gain = 826.688
close_design
open_run impl_1
INFO: [Netlist 29-17] Analyzing 517 Unisim elements for replacement
INFO: [Netlist 29-28] Unisim Transformation completed in 0 CPU seconds
INFO: [Project 1-479] Netlist was created with Vivado 2018.3
INFO: [Project 1-570] Preparing netlist for logic optimization
INFO: [Timing 38-478] Restoring timing data from binary archive.
INFO: [Timing 38-479] Binary timing data restore complete.
INFO: [Project 1-856] Restoring constraints from binary archive.
INFO: [Constraints 18-5170] The checkpoint was created with non-default parameter values which do not match the current Vivado settings.  Mismatching parameters are:
  tcl.collectionResultDisplayLimit
INFO: [Project 1-853] Binary constraint restore complete.
Reading XDEF placement.
Reading placer database...
Reading XDEF routing.
Read XDEF File: Time (s): cpu = 00:00:00 ; elapsed = 00:00:00.356 . Memory (MB): peak = 2008.332 ; gain = 0.000
Restored from archive | CPU: 0.000000 secs | Memory: 0.000000 MB |
Finished XDEF File Restore: Time (s): cpu = 00:00:00 ; elapsed = 00:00:00.356 . Memory (MB): peak = 2008.332 ; gain = 0.000
Netlist sorting complete. Time (s): cpu = 00:00:00 ; elapsed = 00:00:00.002 . Memory (MB): peak = 2008.332 ; gain = 0.000
INFO: [Project 1-111] Unisim Transformation Summary:
  A total of 194 instances were transformed.
  CFGLUT5 => CFGLUT5 (SRLC32E, SRL16E): 188 instances
  RAM32M => RAM32M (RAMD32, RAMD32, RAMD32, RAMD32, RAMD32, RAMD32, RAMS32, RAMS32): 6 instances

CRITICAL WARNING: [Timing 38-282] The design failed to meet the timing requirements. Please see the timing summary report for details on the timing violations.
WARNING: [Timing 38-436] There are set_bus_skew constraint(s) in this design. Please run report_bus_skew to ensure that bus skew requirements are met.
exit
INFO: [Common 17-206] Exiting Vivado at Sun Mar 22 11:13:24 2026...
