#-----------------------------------------------------------
# Vivado v2018.3 (64-bit)
# SW Build 2405991 on Thu Dec  6 23:38:27 MST 2018
# IP Build 2404404 on Fri Dec  7 01:43:56 MST 2018
# Start of session at: Sun Mar 22 11:23:25 2026
# Process ID: 28548
# Current directory: E:/WWW/萇ŋ/2025萇ŋ/Xilinx_FPGA/Project/A3
# Command line: vivado.exe -gui_launcher_event rodinguilauncherevent15172 E:\WWW\萇ŋ\2025萇ŋ\Xilinx_FPGA\Project\A3\A3.xpr
# Log file: E:/WWW/萇ŋ/2025萇ŋ/Xilinx_FPGA/Project/A3/vivado.log
# Journal file: E:/WWW/萇ŋ/2025萇ŋ/Xilinx_FPGA/Project/A3\vivado.jou
#-----------------------------------------------------------
start_gui
open_project E:/WWW/萇ŋ/2025萇ŋ/Xilinx_FPGA/Project/A3/A3.xpr
Scanning sources...
Finished scanning sources
INFO: [IP_Flow 19-234] Refreshing IP repositories
INFO: [IP_Flow 19-1704] No user IP repositories specified
INFO: [IP_Flow 19-2313] Loaded Vivado IP repository 'E:/APP/ZYNQ_soft/Vivado/Vivado/2018.3/data/ip'.
update_compile_order -fileset sources_1
open_run impl_1
INFO: [Netlist 29-17] Analyzing 517 Unisim elements for replacement
INFO: [Netlist 29-28] Unisim Transformation completed in 0 CPU seconds
INFO: [Project 1-479] Netlist was created with Vivado 2018.3
INFO: [Device 21-403] Loading part xc7z020clg400-2
INFO: [Project 1-570] Preparing netlist for logic optimization
INFO: [Timing 38-478] Restoring timing data from binary archive.
INFO: [Timing 38-479] Binary timing data restore complete.
INFO: [Project 1-856] Restoring constraints from binary archive.
INFO: [Constraints 18-5170] The checkpoint was created with non-default parameter values which do not match the current Vivado settings.  Mismatching parameters are:
  tcl.collectionResultDisplayLimit
INFO: [Project 1-853] Binary constraint restore complete.
Reading XDEF placement.
Reading placer database...
Reading XDEF routing.
Read XDEF File: Time (s): cpu = 00:00:00 ; elapsed = 00:00:00.374 . Memory (MB): peak = 1901.891 ; gain = 0.000
Restored from archive | CPU: 0.000000 secs | Memory: 0.000000 MB |
Finished XDEF File Restore: Time (s): cpu = 00:00:00 ; elapsed = 00:00:00.374 . Memory (MB): peak = 1901.891 ; gain = 0.000
Netlist sorting complete. Time (s): cpu = 00:00:00 ; elapsed = 00:00:00.003 . Memory (MB): peak = 1901.891 ; gain = 0.000
INFO: [Project 1-111] Unisim Transformation Summary:
  A total of 194 instances were transformed.
  CFGLUT5 => CFGLUT5 (SRLC32E, SRL16E): 188 instances
  RAM32M => RAM32M (RAMD32, RAMD32, RAMD32, RAMD32, RAMD32, RAMD32, RAMS32, RAMS32): 6 instances

open_run: Time (s): cpu = 00:00:18 ; elapsed = 00:00:13 . Memory (MB): peak = 2060.734 ; gain = 966.270
CRITICAL WARNING: [Timing 38-282] The design failed to meet the timing requirements. Please see the timing summary report for details on the timing violations.
WARNING: [Timing 38-436] There are set_bus_skew constraint(s) in this design. Please run report_bus_skew to ensure that bus skew requirements are met.
exit
INFO: [Common 17-206] Exiting Vivado at Sun Mar 22 15:45:12 2026...
